<?xml version="1.0" encoding="UTF-8"?>
<!-- Generated by org.testng.reporters.JUnitXMLReporter -->
<testsuite ignored="0" hostname="TUSHAR" failures="0" tests="3" name="Default test" time="10.59" errors="0" timestamp="2024-05-09T12:08:39 IST">
  <testcase classname="practice.testng.SampleReportTest" name="createContactTest" time="10.438"/>
  <testcase classname="practice.testng.SampleReportTest" name="createContactWithOrgTest" time="0.023"/>
  <testcase classname="practice.testng.SampleReportTest" name="createContactWithPhoneNumberTest" time="0.009"/>
</testsuite> <!-- Default test -->
