<?xml version="1.0" encoding="UTF-8"?>
<!-- Generated by org.testng.reporters.JUnitXMLReporter -->
<testsuite ignored="2" hostname="TUSHAR" failures="0" tests="4" name="Test" time="0.287" errors="0" timestamp="2024-05-02T10:39:01 IST">
  <testcase classname="com.crm.comcast.contacttest.CreateContactTest" name="createContactTest" time="0.027"/>
  <testcase classname="com.crm.comcast.contacttest.CreateContactTest" name="createOrgWithIndustry" time="0.014"/>
  <testcase classname="com.crm.comcast.orgtest.CreateOrgTest" name="createOrgTest" time="0.012"/>
  <testcase classname="com.crm.comcast.orgtest.CreateOrgTest" name="createOrgwithIndustry" time="0.006"/>
  <testcase classname="com.crm.generic.baseutility.BaseClass" name="@AfterSuite configAfterSuite" time="0.0">
    <ignored/>
  </testcase> <!-- @AfterSuite configAfterSuite -->
  <testcase classname="com.crm.generic.baseutility.BaseClass" name="@BeforeSuite configBeforeSuite" time="0.0">
    <ignored/>
  </testcase> <!-- @BeforeSuite configBeforeSuite -->
</testsuite> <!-- Test -->
