<?xml version="1.0" encoding="UTF-8"?>
<testng-results ignored="0" total="3" passed="3" failed="0" skipped="0">
  <reporter-output>
  </reporter-output>
  <suite started-at="2024-05-09T12:08:28 IST" name="Default suite" finished-at="2024-05-09T12:08:39 IST" duration-ms="10590">
    <groups>
    </groups>
    <test started-at="2024-05-09T12:08:28 IST" name="Default test" finished-at="2024-05-09T12:08:39 IST" duration-ms="10590">
      <class name="practice.testng.SampleReportTest">
        <test-method is-config="true" signature="configBS()[pri:0, instance:practice.testng.SampleReportTest@4686afc2]" started-at="2024-05-09T12:08:27 IST" name="configBS" finished-at="2024-05-09T12:08:28 IST" duration-ms="838" status="PASS">
          <reporter-output>
          </reporter-output>
        </test-method> <!-- configBS -->
        <test-method signature="createContactTest()[pri:0, instance:practice.testng.SampleReportTest@4686afc2]" started-at="2024-05-09T12:08:28 IST" name="createContactTest" finished-at="2024-05-09T12:08:39 IST" duration-ms="10438" status="PASS">
          <reporter-output>
          </reporter-output>
        </test-method> <!-- createContactTest -->
        <test-method signature="createContactWithOrgTest()[pri:0, instance:practice.testng.SampleReportTest@4686afc2]" started-at="2024-05-09T12:08:39 IST" name="createContactWithOrgTest" finished-at="2024-05-09T12:08:39 IST" duration-ms="23" status="PASS">
          <reporter-output>
          </reporter-output>
        </test-method> <!-- createContactWithOrgTest -->
        <test-method signature="createContactWithPhoneNumberTest()[pri:0, instance:practice.testng.SampleReportTest@4686afc2]" started-at="2024-05-09T12:08:39 IST" name="createContactWithPhoneNumberTest" finished-at="2024-05-09T12:08:39 IST" duration-ms="9" status="PASS">
          <reporter-output>
          </reporter-output>
        </test-method> <!-- createContactWithPhoneNumberTest -->
        <test-method is-config="true" signature="configAS()[pri:0, instance:practice.testng.SampleReportTest@4686afc2]" started-at="2024-05-09T12:08:39 IST" name="configAS" finished-at="2024-05-09T12:08:40 IST" duration-ms="1230" status="PASS">
          <reporter-output>
          </reporter-output>
        </test-method> <!-- configAS -->
      </class> <!-- practice.testng.SampleReportTest -->
    </test> <!-- Default test -->
  </suite> <!-- Default suite -->
</testng-results>
